Determining if the pthread_create exist failed with the following output:
Change Dir: /home/rooholla/ROS/PS3-EYE-ROS-IR-TRACKER/catkin_ws/build/CMakeFiles/CMakeTmp

Run Build Command:"/usr/bin/gmake" "cmTC_e4bbc/fast"
/usr/bin/gmake -f CMakeFiles/cmTC_e4bbc.dir/build.make CMakeFiles/cmTC_e4bbc.dir/build
gmake[1]: Entering directory '/home/rooholla/ROS/PS3-EYE-ROS-IR-TRACKER/catkin_ws/build/CMakeFiles/CMakeTmp'
Building C object CMakeFiles/cmTC_e4bbc.dir/CheckSymbolExists.c.o
/usr/bin/cc     -o CMakeFiles/cmTC_e4bbc.dir/CheckSymbolExists.c.o   -c /home/rooholla/ROS/PS3-EYE-ROS-IR-TRACKER/catkin_ws/build/CMakeFiles/CMakeTmp/CheckSymbolExists.c
Linking C executable cmTC_e4bbc
/usr/bin/cmake -E cmake_link_script CMakeFiles/cmTC_e4bbc.dir/link.txt --verbose=1
/usr/bin/cc       CMakeFiles/cmTC_e4bbc.dir/CheckSymbolExists.c.o  -o cmTC_e4bbc -rdynamic 
CMakeFiles/cmTC_e4bbc.dir/CheckSymbolExists.c.o: In function `main':
CheckSymbolExists.c:(.text+0x16): undefined reference to `pthread_create'
collect2: error: ld returned 1 exit status
CMakeFiles/cmTC_e4bbc.dir/build.make:97: recipe for target 'cmTC_e4bbc' failed
gmake[1]: *** [cmTC_e4bbc] Error 1
gmake[1]: Leaving directory '/home/rooholla/ROS/PS3-EYE-ROS-IR-TRACKER/catkin_ws/build/CMakeFiles/CMakeTmp'
Makefile:126: recipe for target 'cmTC_e4bbc/fast' failed
gmake: *** [cmTC_e4bbc/fast] Error 2

File /home/rooholla/ROS/PS3-EYE-ROS-IR-TRACKER/catkin_ws/build/CMakeFiles/CMakeTmp/CheckSymbolExists.c:
/* */
#include <pthread.h>

int main(int argc, char** argv)
{
  (void)argv;
#ifndef pthread_create
  return ((int*)(&pthread_create))[argc];
#else
  (void)argc;
  return 0;
#endif
}

Determining if the function pthread_create exists in the pthreads failed with the following output:
Change Dir: /home/rooholla/ROS/PS3-EYE-ROS-IR-TRACKER/catkin_ws/build/CMakeFiles/CMakeTmp

Run Build Command:"/usr/bin/gmake" "cmTC_06d31/fast"
/usr/bin/gmake -f CMakeFiles/cmTC_06d31.dir/build.make CMakeFiles/cmTC_06d31.dir/build
gmake[1]: Entering directory '/home/rooholla/ROS/PS3-EYE-ROS-IR-TRACKER/catkin_ws/build/CMakeFiles/CMakeTmp'
Building C object CMakeFiles/cmTC_06d31.dir/CheckFunctionExists.c.o
/usr/bin/cc    -DCHECK_FUNCTION_EXISTS=pthread_create   -o CMakeFiles/cmTC_06d31.dir/CheckFunctionExists.c.o   -c /usr/share/cmake-3.5/Modules/CheckFunctionExists.c
Linking C executable cmTC_06d31
/usr/bin/cmake -E cmake_link_script CMakeFiles/cmTC_06d31.dir/link.txt --verbose=1
/usr/bin/cc   -DCHECK_FUNCTION_EXISTS=pthread_create    CMakeFiles/cmTC_06d31.dir/CheckFunctionExists.c.o  -o cmTC_06d31 -rdynamic -lpthreads 
/usr/bin/ld: cannot find -lpthreads
collect2: error: ld returned 1 exit status
CMakeFiles/cmTC_06d31.dir/build.make:97: recipe for target 'cmTC_06d31' failed
gmake[1]: *** [cmTC_06d31] Error 1
gmake[1]: Leaving directory '/home/rooholla/ROS/PS3-EYE-ROS-IR-TRACKER/catkin_ws/build/CMakeFiles/CMakeTmp'
Makefile:126: recipe for target 'cmTC_06d31/fast' failed
gmake: *** [cmTC_06d31/fast] Error 2


